Started by user [8mha:////4Oqj+sD58B6kaM0f1T/y7PrC7zWEwjE9JbHncHuvOqzTAAAAlx+LCAAAAAAAAP9b85aBtbiIQTGjNKU4P08vOT+vOD8nVc83PyU1x6OyILUoJzMv2y+/JJUBAhiZGBgqihhk0NSjKDWzXb3RdlLBUSYGJk8GtpzUvPSSDB8G5tKinBIGIZ+sxLJE/ZzEvHT94JKizLx0a6BxUmjGOUNodHsLgAy2EgZu/dLi1CL9xJTczDwA9svhPMAAAAA=[0mRaghav
Running as SYSTEM
Building in workspace /var/jenkins_home/workspace/jenkins-maven
The recommended git tool is: NONE
No credentials specified
Cloning the remote Git repository
Cloning repository https://github.com/raghavag1997/simple-java-maven-app.git
 > git init /var/jenkins_home/workspace/jenkins-maven # timeout=10
Fetching upstream changes from https://github.com/raghavag1997/simple-java-maven-app.git
 > git --version # timeout=10
 > git --version # 'git version 2.30.2'
 > git fetch --tags --force --progress -- https://github.com/raghavag1997/simple-java-maven-app.git +refs/heads/*:refs/remotes/origin/* # timeout=10
 > git config remote.origin.url https://github.com/raghavag1997/simple-java-maven-app.git # timeout=10
 > git config --add remote.origin.fetch +refs/heads/*:refs/remotes/origin/* # timeout=10
Avoid second fetch
 > git rev-parse refs/remotes/origin/master^{commit} # timeout=10
Checking out Revision d429203aa304cba0a1beb7fda8219d916c1e2fce (refs/remotes/origin/master)
 > git config core.sparsecheckout # timeout=10
 > git checkout -f d429203aa304cba0a1beb7fda8219d916c1e2fce # timeout=10
Commit message: "Merge pull request #264 from MarkEWaite/use-latest-compiler-plugin"
First time build. Skipping changelog.
[jenkins-maven] $ mvn
FATAL: command execution failed
java.io.IOException: error=2, No such file or directory
	at java.base/java.lang.ProcessImpl.forkAndExec(Native Method)
	at java.base/java.lang.ProcessImpl.<init>(ProcessImpl.java:340)
	at java.base/java.lang.ProcessImpl.start(ProcessImpl.java:271)
	at java.base/java.lang.ProcessBuilder.start(ProcessBuilder.java:1107)
Caused: java.io.IOException: Cannot run program "mvn" (in directory "/var/jenkins_home/workspace/jenkins-maven"): error=2, No such file or directory
	at java.base/java.lang.ProcessBuilder.start(ProcessBuilder.java:1128)
	at java.base/java.lang.ProcessBuilder.start(ProcessBuilder.java:1071)
	at hudson.Proc$LocalProc.<init>(Proc.java:254)
	at hudson.Proc$LocalProc.<init>(Proc.java:223)
	at hudson.Launcher$LocalLauncher.launch(Launcher.java:997)
	at hudson.Launcher$ProcStarter.start(Launcher.java:509)
	at hudson.Launcher$ProcStarter.join(Launcher.java:520)
	at hudson.tasks.Maven.perform(Maven.java:369)
	at hudson.tasks.BuildStepMonitor$1.perform(BuildStepMonitor.java:20)
	at hudson.model.AbstractBuild$AbstractBuildExecution.perform(AbstractBuild.java:814)
	at hudson.model.Build$BuildExecution.build(Build.java:199)
	at hudson.model.Build$BuildExecution.doRun(Build.java:164)
	at hudson.model.AbstractBuild$AbstractBuildExecution.run(AbstractBuild.java:522)
	at hudson.model.Run.execute(Run.java:1896)
	at hudson.model.FreeStyleBuild.run(FreeStyleBuild.java:44)
	at hudson.model.ResourceController.execute(ResourceController.java:101)
	at hudson.model.Executor.run(Executor.java:442)
Build step 'Invoke top-level Maven targets' marked build as failure
Finished: FAILURE
